#! /opt/homebrew/Cellar/icarus-verilog/12.0/bin/vvp
:ivl_version "12.0 (stable)";
:ivl_delay_selection "TYPICAL";
:vpi_time_precision - 10;
:vpi_module "/opt/homebrew/Cellar/icarus-verilog/12.0/lib/ivl/system.vpi";
:vpi_module "/opt/homebrew/Cellar/icarus-verilog/12.0/lib/ivl/vhdl_sys.vpi";
:vpi_module "/opt/homebrew/Cellar/icarus-verilog/12.0/lib/ivl/vhdl_textio.vpi";
:vpi_module "/opt/homebrew/Cellar/icarus-verilog/12.0/lib/ivl/v2005_math.vpi";
:vpi_module "/opt/homebrew/Cellar/icarus-verilog/12.0/lib/ivl/va_math.vpi";
:vpi_module "/opt/homebrew/Cellar/icarus-verilog/12.0/lib/ivl/v2009.vpi";
S_0x1520273e0 .scope package, "$unit" "$unit" 2 1;
 .timescale 0 0;
S_0x152027550 .scope module, "morse_tb" "morse_tb" 3 3;
 .timescale -9 -10;
v0x15206a7e0_0 .var "clk", 0 0;
v0x15206a870_0 .var "din", 0 0;
v0x15206a940_0 .var "rst", 0 0;
v0x15206aa10_0 .net "sixteen_disp", 16 0, v0x152069bf0_0;  1 drivers
S_0x1520319e0 .scope module, "dut" "morseMain" 3 10, 4 1 0, S_0x152027550;
 .timescale 0 0;
    .port_info 0 /INPUT 1 "din";
    .port_info 1 /INPUT 1 "clk";
    .port_info 2 /INPUT 1 "rst";
    .port_info 3 /OUTPUT 17 "sixteen_disp";
v0x152069790_0 .net "clk", 0 0, v0x15206a7e0_0;  1 drivers
v0x152069860_0 .net "din", 0 0, v0x15206a870_0;  1 drivers
v0x1520698f0_0 .var "isiovalid", 0 0;
v0x152069980_0 .net "morse_input", 7 0, v0x152068440_0;  1 drivers
v0x152069a50_0 .net "morse_length", 3 0, v0x1520684f0_0;  1 drivers
v0x152069b60_0 .net "rst", 0 0, v0x15206a940_0;  1 drivers
v0x152069bf0_0 .var "sixteen_disp", 16 0;
v0x152069c80_0 .net "sixteen_disp_buf", 16 0, v0x152068e90_0;  1 drivers
v0x152069d10_0 .net "validio", 0 0, v0x1520687c0_0;  1 drivers
v0x152069e40_0 .net "validtr", 0 0, v0x152069670_0;  1 drivers
S_0x152031b50 .scope module, "io" "morseio" 4 14, 5 23 0, S_0x1520319e0;
 .timescale 0 0;
    .port_info 0 /INPUT 1 "morsein";
    .port_info 1 /INPUT 1 "clk";
    .port_info 2 /INPUT 1 "rst";
    .port_info 3 /OUTPUT 1 "valid";
    .port_info 4 /OUTPUT 4 "morse_length";
    .port_info 5 /OUTPUT 8 "morse_input";
v0x15205dc40_0 .net "clk", 0 0, v0x15206a7e0_0;  alias, 1 drivers
v0x1520682d0_0 .var "cnt0", 31 0;
v0x152068380_0 .var "cnt1", 31 0;
v0x152068440_0 .var "morse_input", 7 0;
v0x1520684f0_0 .var "morse_length", 3 0;
v0x1520685e0_0 .net "morsein", 0 0, v0x15206a870_0;  alias, 1 drivers
v0x152068680_0 .net "rst", 0 0, v0x15206a940_0;  alias, 1 drivers
v0x152068720_0 .var "state", 0 0;
v0x1520687c0_0 .var "valid", 0 0;
E_0x152049e90 .event posedge, v0x15205dc40_0;
S_0x152068950 .scope module, "tr" "morseTR" 4 22, 6 2 0, S_0x1520319e0;
 .timescale 0 0;
    .port_info 0 /INPUT 4 "morse_length";
    .port_info 1 /INPUT 8 "morse_input";
    .port_info 2 /INPUT 1 "clk";
    .port_info 3 /OUTPUT 1 "valid_reg";
    .port_info 4 /OUTPUT 17 "sixteen_disp";
v0x152068bd0_0 .net "clk", 0 0, v0x15206a7e0_0;  alias, 1 drivers
v0x152068c80_0 .var "morse_index", 6 0;
v0x152068d10_0 .net "morse_input", 7 0, v0x152068440_0;  alias, 1 drivers
v0x152068de0_0 .net "morse_length", 3 0, v0x1520684f0_0;  alias, 1 drivers
v0x152068e90_0 .var "sixteen_disp", 16 0;
L_0x158078010 .functor BUFT 1, C4<00000000000000000>, C4<0>, C4<0>, C4<0>;
v0x152068f70 .array "sixteen_disp_arr", 60 0;
v0x152068f70_0 .net v0x152068f70 0, 16 0, L_0x158078010; 1 drivers
L_0x158078058 .functor BUFT 1, C4<10000000000001100>, C4<0>, C4<0>, C4<0>;
v0x152068f70_1 .net v0x152068f70 1, 16 0, L_0x158078058; 1 drivers
o0x1580403a0 .functor BUFZ 17, C4<zzzzzzzzzzzzzzzzz>; HiZ drive
v0x152068f70_2 .net v0x152068f70 2, 16 0, o0x1580403a0; 0 drivers
o0x1580403d0 .functor BUFZ 17, C4<zzzzzzzzzzzzzzzzz>; HiZ drive
v0x152068f70_3 .net v0x152068f70 3, 16 0, o0x1580403d0; 0 drivers
o0x158040400 .functor BUFZ 17, C4<zzzzzzzzzzzzzzzzz>; HiZ drive
v0x152068f70_4 .net v0x152068f70 4, 16 0, o0x158040400; 0 drivers
o0x158040430 .functor BUFZ 17, C4<zzzzzzzzzzzzzzzzz>; HiZ drive
v0x152068f70_5 .net v0x152068f70 5, 16 0, o0x158040430; 0 drivers
L_0x1580780a0 .functor BUFT 1, C4<01001001101110001>, C4<0>, C4<0>, C4<0>;
v0x152068f70_6 .net v0x152068f70 6, 16 0, L_0x1580780a0; 1 drivers
L_0x1580780e8 .functor BUFT 1, C4<00000001000000000>, C4<0>, C4<0>, C4<0>;
v0x152068f70_7 .net v0x152068f70 7, 16 0, L_0x1580780e8; 1 drivers
L_0x158078130 .functor BUFT 1, C4<00001010000000000>, C4<0>, C4<0>, C4<0>;
v0x152068f70_8 .net v0x152068f70 8, 16 0, L_0x158078130; 1 drivers
L_0x158078178 .functor BUFT 1, C4<00100000100000000>, C4<0>, C4<0>, C4<0>;
v0x152068f70_9 .net v0x152068f70 9, 16 0, L_0x158078178; 1 drivers
o0x158040520 .functor BUFZ 17, C4<zzzzzzzzzzzzzzzzz>; HiZ drive
v0x152068f70_10 .net v0x152068f70 10, 16 0, o0x158040520; 0 drivers
L_0x1580781c0 .functor BUFT 1, C4<01010101000000000>, C4<0>, C4<0>, C4<0>;
v0x152068f70_11 .net v0x152068f70 11, 16 0, L_0x1580781c0; 1 drivers
L_0x158078208 .functor BUFT 1, C4<00100000000000000>, C4<0>, C4<0>, C4<0>;
v0x152068f70_12 .net v0x152068f70 12, 16 0, L_0x158078208; 1 drivers
L_0x158078250 .functor BUFT 1, C4<01000100000000000>, C4<0>, C4<0>, C4<0>;
v0x152068f70_13 .net v0x152068f70 13, 16 0, L_0x158078250; 1 drivers
L_0x158078298 .functor BUFT 1, C4<10000000000000000>, C4<0>, C4<0>, C4<0>;
v0x152068f70_14 .net v0x152068f70 14, 16 0, L_0x158078298; 1 drivers
L_0x1580782e0 .functor BUFT 1, C4<00100010000000000>, C4<0>, C4<0>, C4<0>;
v0x152068f70_15 .net v0x152068f70 15, 16 0, L_0x1580782e0; 1 drivers
L_0x158078328 .functor BUFT 1, C4<00100010011111111>, C4<0>, C4<0>, C4<0>;
v0x152068f70_16 .net v0x152068f70 16, 16 0, L_0x158078328; 1 drivers
L_0x158078370 .functor BUFT 1, C4<00000010000001100>, C4<0>, C4<0>, C4<0>;
v0x152068f70_17 .net v0x152068f70 17, 16 0, L_0x158078370; 1 drivers
L_0x1580783b8 .functor BUFT 1, C4<01000100001110111>, C4<0>, C4<0>, C4<0>;
v0x152068f70_18 .net v0x152068f70 18, 16 0, L_0x1580783b8; 1 drivers
L_0x158078400 .functor BUFT 1, C4<00000100000111111>, C4<0>, C4<0>, C4<0>;
v0x152068f70_19 .net v0x152068f70 19, 16 0, L_0x158078400; 1 drivers
L_0x158078448 .functor BUFT 1, C4<01000100010001100>, C4<0>, C4<0>, C4<0>;
v0x152068f70_20 .net v0x152068f70 20, 16 0, L_0x158078448; 1 drivers
L_0x158078490 .functor BUFT 1, C4<01001000010110011>, C4<0>, C4<0>, C4<0>;
v0x152068f70_21 .net v0x152068f70 21, 16 0, L_0x158078490; 1 drivers
L_0x1580784d8 .functor BUFT 1, C4<01000100011111011>, C4<0>, C4<0>, C4<0>;
v0x152068f70_22 .net v0x152068f70 22, 16 0, L_0x1580784d8; 1 drivers
L_0x158078520 .functor BUFT 1, C4<00000000000001111>, C4<0>, C4<0>, C4<0>;
v0x152068f70_23 .net v0x152068f70 23, 16 0, L_0x158078520; 1 drivers
L_0x158078568 .functor BUFT 1, C4<01000100011111111>, C4<0>, C4<0>, C4<0>;
v0x152068f70_24 .net v0x152068f70 24, 16 0, L_0x158078568; 1 drivers
L_0x1580785b0 .functor BUFT 1, C4<01000100010111111>, C4<0>, C4<0>, C4<0>;
v0x152068f70_25 .net v0x152068f70 25, 16 0, L_0x1580785b0; 1 drivers
L_0x1580785f8 .functor BUFT 1, C4<00010001000000000>, C4<0>, C4<0>, C4<0>;
v0x152068f70_26 .net v0x152068f70 26, 16 0, L_0x1580785f8; 1 drivers
L_0x158078640 .functor BUFT 1, C4<00100001000000000>, C4<0>, C4<0>, C4<0>;
v0x152068f70_27 .net v0x152068f70 27, 16 0, L_0x158078640; 1 drivers
o0x158040880 .functor BUFZ 17, C4<zzzzzzzzzzzzzzzzz>; HiZ drive
v0x152068f70_28 .net v0x152068f70 28, 16 0, o0x158040880; 0 drivers
L_0x158078688 .functor BUFT 1, C4<01000100000110000>, C4<0>, C4<0>, C4<0>;
v0x152068f70_29 .net v0x152068f70 29, 16 0, L_0x158078688; 1 drivers
o0x1580408e0 .functor BUFZ 17, C4<zzzzzzzzzzzzzzzzz>; HiZ drive
v0x152068f70_30 .net v0x152068f70 30, 16 0, o0x1580408e0; 0 drivers
L_0x1580786d0 .functor BUFT 1, C4<10010100000000111>, C4<0>, C4<0>, C4<0>;
v0x152068f70_31 .net v0x152068f70 31, 16 0, L_0x1580786d0; 1 drivers
L_0x158078718 .functor BUFT 1, C4<00000101011110111>, C4<0>, C4<0>, C4<0>;
v0x152068f70_32 .net v0x152068f70 32, 16 0, L_0x158078718; 1 drivers
L_0x158078760 .functor BUFT 1, C4<01000100011001111>, C4<0>, C4<0>, C4<0>;
v0x152068f70_33 .net v0x152068f70 33, 16 0, L_0x158078760; 1 drivers
L_0x1580787a8 .functor BUFT 1, C4<00010101000111111>, C4<0>, C4<0>, C4<0>;
v0x152068f70_34 .net v0x152068f70 34, 16 0, L_0x1580787a8; 1 drivers
L_0x1580787f0 .functor BUFT 1, C4<00000000011110011>, C4<0>, C4<0>, C4<0>;
v0x152068f70_35 .net v0x152068f70 35, 16 0, L_0x1580787f0; 1 drivers
L_0x158078838 .functor BUFT 1, C4<00010001000111111>, C4<0>, C4<0>, C4<0>;
v0x152068f70_36 .net v0x152068f70 36, 16 0, L_0x158078838; 1 drivers
L_0x158078880 .functor BUFT 1, C4<01000000011110011>, C4<0>, C4<0>, C4<0>;
v0x152068f70_37 .net v0x152068f70 37, 16 0, L_0x158078880; 1 drivers
L_0x1580788c8 .functor BUFT 1, C4<01000000011000011>, C4<0>, C4<0>, C4<0>;
v0x152068f70_38 .net v0x152068f70 38, 16 0, L_0x1580788c8; 1 drivers
L_0x158078910 .functor BUFT 1, C4<00000100011111011>, C4<0>, C4<0>, C4<0>;
v0x152068f70_39 .net v0x152068f70 39, 16 0, L_0x158078910; 1 drivers
L_0x158078958 .functor BUFT 1, C4<01000100011001100>, C4<0>, C4<0>, C4<0>;
v0x152068f70_40 .net v0x152068f70 40, 16 0, L_0x158078958; 1 drivers
L_0x1580789a0 .functor BUFT 1, C4<00010001000110011>, C4<0>, C4<0>, C4<0>;
v0x152068f70_41 .net v0x152068f70 41, 16 0, L_0x1580789a0; 1 drivers
L_0x1580789e8 .functor BUFT 1, C4<00000000001111100>, C4<0>, C4<0>, C4<0>;
v0x152068f70_42 .net v0x152068f70 42, 16 0, L_0x1580789e8; 1 drivers
L_0x158078a30 .functor BUFT 1, C4<01001010011000000>, C4<0>, C4<0>, C4<0>;
v0x152068f70_43 .net v0x152068f70 43, 16 0, L_0x158078a30; 1 drivers
L_0x158078a78 .functor BUFT 1, C4<00000000011110000>, C4<0>, C4<0>, C4<0>;
v0x152068f70_44 .net v0x152068f70 44, 16 0, L_0x158078a78; 1 drivers
L_0x158078ac0 .functor BUFT 1, C4<00000010111001100>, C4<0>, C4<0>, C4<0>;
v0x152068f70_45 .net v0x152068f70 45, 16 0, L_0x158078ac0; 1 drivers
L_0x158078b08 .functor BUFT 1, C4<00001000111001100>, C4<0>, C4<0>, C4<0>;
v0x152068f70_46 .net v0x152068f70 46, 16 0, L_0x158078b08; 1 drivers
L_0x158078b50 .functor BUFT 1, C4<00000000011111111>, C4<0>, C4<0>, C4<0>;
v0x152068f70_47 .net v0x152068f70 47, 16 0, L_0x158078b50; 1 drivers
L_0x158078b98 .functor BUFT 1, C4<01000100011000111>, C4<0>, C4<0>, C4<0>;
v0x152068f70_48 .net v0x152068f70 48, 16 0, L_0x158078b98; 1 drivers
L_0x158078be0 .functor BUFT 1, C4<00001000011111111>, C4<0>, C4<0>, C4<0>;
v0x152068f70_49 .net v0x152068f70 49, 16 0, L_0x158078be0; 1 drivers
L_0x158078c28 .functor BUFT 1, C4<01001100011000111>, C4<0>, C4<0>, C4<0>;
v0x152068f70_50 .net v0x152068f70 50, 16 0, L_0x158078c28; 1 drivers
L_0x158078c70 .functor BUFT 1, C4<01000100010111011>, C4<0>, C4<0>, C4<0>;
v0x152068f70_51 .net v0x152068f70 51, 16 0, L_0x158078c70; 1 drivers
L_0x158078cb8 .functor BUFT 1, C4<00010001000000011>, C4<0>, C4<0>, C4<0>;
v0x152068f70_52 .net v0x152068f70 52, 16 0, L_0x158078cb8; 1 drivers
L_0x158078d00 .functor BUFT 1, C4<00000000011111100>, C4<0>, C4<0>, C4<0>;
v0x152068f70_53 .net v0x152068f70 53, 16 0, L_0x158078d00; 1 drivers
L_0x158078d48 .functor BUFT 1, C4<00100010011000000>, C4<0>, C4<0>, C4<0>;
v0x152068f70_54 .net v0x152068f70 54, 16 0, L_0x158078d48; 1 drivers
L_0x158078d90 .functor BUFT 1, C4<00101000011001100>, C4<0>, C4<0>, C4<0>;
v0x152068f70_55 .net v0x152068f70 55, 16 0, L_0x158078d90; 1 drivers
L_0x158078dd8 .functor BUFT 1, C4<00101010100000000>, C4<0>, C4<0>, C4<0>;
v0x152068f70_56 .net v0x152068f70 56, 16 0, L_0x158078dd8; 1 drivers
L_0x158078e20 .functor BUFT 1, C4<01000100010111100>, C4<0>, C4<0>, C4<0>;
v0x152068f70_57 .net v0x152068f70 57, 16 0, L_0x158078e20; 1 drivers
L_0x158078e68 .functor BUFT 1, C4<00100010000110011>, C4<0>, C4<0>, C4<0>;
v0x152068f70_58 .net v0x152068f70 58, 16 0, L_0x158078e68; 1 drivers
L_0x158078eb0 .functor BUFT 1, C4<00000000000110000>, C4<0>, C4<0>, C4<0>;
v0x152068f70_59 .net v0x152068f70 59, 16 0, L_0x158078eb0; 1 drivers
o0x158040e80 .functor BUFZ 17, C4<zzzzzzzzzzzzzzzzz>; HiZ drive
v0x152068f70_60 .net v0x152068f70 60, 16 0, o0x158040e80; 0 drivers
v0x1520695d0_0 .var "valid", 0 0;
v0x152069670_0 .var "valid_reg", 0 0;
E_0x152068b90 .event anyedge, v0x1520684f0_0, v0x152068440_0;
S_0x152069ed0 .scope task, "rev" "rev" 3 53, 3 53 0, S_0x152027550;
 .timescale -9 -10;
TD_morse_tb.rev ;
    %pushi/vec4 1, 0, 1;
    %store/vec4 v0x15206a870_0, 0, 1;
    %delay 2000100, 0;
    %pushi/vec4 0, 0, 1;
    %store/vec4 v0x15206a870_0, 0, 1;
    %delay 10100, 0;
    %end;
S_0x15206a0a0 .scope task, "w0" "w0" 3 19, 3 19 0, S_0x152027550;
 .timescale -9 -10;
TD_morse_tb.w0 ;
    %pushi/vec4 1, 0, 1;
    %store/vec4 v0x15206a870_0, 0, 1;
    %delay 10100, 0;
    %pushi/vec4 0, 0, 1;
    %store/vec4 v0x15206a870_0, 0, 1;
    %delay 10100, 0;
    %end;
S_0x15206a260 .scope task, "w1" "w1" 3 28, 3 28 0, S_0x152027550;
 .timescale -9 -10;
TD_morse_tb.w1 ;
    %pushi/vec4 1, 0, 1;
    %store/vec4 v0x15206a870_0, 0, 1;
    %delay 300100, 0;
    %pushi/vec4 0, 0, 1;
    %store/vec4 v0x15206a870_0, 0, 1;
    %delay 10100, 0;
    %end;
S_0x15206a420 .scope task, "wv1" "wv1" 3 37, 3 37 0, S_0x152027550;
 .timescale -9 -10;
TD_morse_tb.wv1 ;
    %pushi/vec4 1, 0, 1;
    %store/vec4 v0x15206a870_0, 0, 1;
    %delay 600100, 0;
    %pushi/vec4 0, 0, 1;
    %store/vec4 v0x15206a870_0, 0, 1;
    %delay 10100, 0;
    %end;
S_0x15206a620 .scope task, "wv2" "wv2" 3 46, 3 46 0, S_0x152027550;
 .timescale -9 -10;
TD_morse_tb.wv2 ;
    %pushi/vec4 0, 0, 1;
    %store/vec4 v0x15206a870_0, 0, 1;
    %delay 612000, 0;
    %end;
    .scope S_0x152031b50;
T_5 ;
    %wait E_0x152049e90;
    %load/vec4 v0x152068680_0;
    %flag_set/vec4 8;
    %jmp/1 T_5.2, 8;
    %load/vec4 v0x1520687c0_0;
    %flag_set/vec4 9;
    %flag_or 8, 9;
T_5.2;
    %jmp/0xz  T_5.0, 8;
    %pushi/vec4 0, 0, 32;
    %assign/vec4 v0x152068380_0, 0;
    %pushi/vec4 0, 0, 32;
    %assign/vec4 v0x1520682d0_0, 0;
    %pushi/vec4 0, 0, 4;
    %assign/vec4 v0x1520684f0_0, 0;
    %pushi/vec4 0, 0, 8;
    %assign/vec4 v0x152068440_0, 0;
    %pushi/vec4 0, 0, 1;
    %assign/vec4 v0x1520687c0_0, 0;
    %load/vec4 v0x152068680_0;
    %flag_set/vec4 8;
    %jmp/0xz  T_5.3, 8;
    %pushi/vec4 0, 0, 1;
    %assign/vec4 v0x152068720_0, 0;
T_5.3 ;
    %jmp T_5.1;
T_5.0 ;
    %load/vec4 v0x1520685e0_0;
    %flag_set/vec4 8;
    %jmp/0xz  T_5.5, 8;
    %load/vec4 v0x152068380_0;
    %addi 1, 0, 32;
    %assign/vec4 v0x152068380_0, 0;
    %pushi/vec4 0, 0, 32;
    %assign/vec4 v0x1520682d0_0, 0;
    %jmp T_5.6;
T_5.5 ;
    %load/vec4 v0x1520682d0_0;
    %addi 1, 0, 32;
    %assign/vec4 v0x1520682d0_0, 0;
    %load/vec4 v0x1520682d0_0;
    %addi 1, 0, 32;
    %cmpi/u 100, 0, 32;
    %flag_inv 5; GE is !LT
    %jmp/0xz  T_5.7, 5;
    %load/vec4 v0x152068380_0;
    %cmpi/u 100, 0, 32;
    %flag_inv 5; GE is !LT
    %jmp/0xz  T_5.9, 5;
    %load/vec4 v0x152068380_0;
    %cmpi/u 3000, 0, 32;
    %jmp/0xz  T_5.11, 5;
    %load/vec4 v0x152068440_0;
    %concati/vec4 0, 0, 1;
    %pad/u 8;
    %assign/vec4 v0x152068440_0, 0;
    %load/vec4 v0x1520684f0_0;
    %addi 1, 0, 4;
    %assign/vec4 v0x1520684f0_0, 0;
    %jmp T_5.12;
T_5.11 ;
    %load/vec4 v0x152068380_0;
    %cmpi/u 6000, 0, 32;
    %jmp/0xz  T_5.13, 5;
    %load/vec4 v0x152068440_0;
    %concati/vec4 1, 0, 1;
    %pad/u 8;
    %assign/vec4 v0x152068440_0, 0;
    %load/vec4 v0x1520684f0_0;
    %addi 1, 0, 4;
    %assign/vec4 v0x1520684f0_0, 0;
T_5.13 ;
T_5.12 ;
T_5.9 ;
    %load/vec4 v0x152068720_0;
    %flag_set/vec4 8;
    %jmp/0xz  T_5.15, 8;
    %load/vec4 v0x152068380_0;
    %cmpi/u 20000, 0, 32;
    %flag_inv 5; GE is !LT
    %jmp/0xz  T_5.17, 5;
    %pushi/vec4 0, 0, 1;
    %assign/vec4 v0x152068720_0, 0;
    %jmp T_5.18;
T_5.17 ;
    %load/vec4 v0x152068380_0;
    %addi 1, 0, 32;
    %cmpi/u 6000, 0, 32;
    %flag_inv 5; GE is !LT
    %jmp/0xz  T_5.19, 5;
    %pushi/vec4 1, 0, 1;
    %assign/vec4 v0x1520687c0_0, 0;
T_5.19 ;
T_5.18 ;
    %pushi/vec4 0, 0, 32;
    %assign/vec4 v0x1520682d0_0, 0;
    %jmp T_5.16;
T_5.15 ;
    %load/vec4 v0x152068380_0;
    %cmpi/u 6000, 0, 32;
    %flag_inv 5; GE is !LT
    %jmp/0xz  T_5.21, 5;
    %pushi/vec4 1, 0, 1;
    %assign/vec4 v0x152068720_0, 0;
    %pushi/vec4 0, 0, 32;
    %assign/vec4 v0x1520682d0_0, 0;
    %jmp T_5.22;
T_5.21 ;
    %load/vec4 v0x1520682d0_0;
    %addi 1, 0, 32;
    %cmpi/u 6000, 0, 32;
    %flag_inv 5; GE is !LT
    %jmp/0xz  T_5.23, 5;
    %pushi/vec4 1, 0, 1;
    %assign/vec4 v0x1520687c0_0, 0;
    %pushi/vec4 0, 0, 32;
    %assign/vec4 v0x1520682d0_0, 0;
T_5.23 ;
T_5.22 ;
T_5.16 ;
    %pushi/vec4 0, 0, 32;
    %assign/vec4 v0x152068380_0, 0;
T_5.7 ;
T_5.6 ;
T_5.1 ;
    %jmp T_5;
    .thread T_5;
    .scope S_0x152068950;
T_6 ;
    %wait E_0x152068b90;
    %load/vec4 v0x152068de0_0;
    %dup/vec4;
    %pushi/vec4 0, 0, 4;
    %cmp/u;
    %jmp/1 T_6.0, 6;
    %dup/vec4;
    %pushi/vec4 1, 0, 4;
    %cmp/u;
    %jmp/1 T_6.1, 6;
    %dup/vec4;
    %pushi/vec4 2, 0, 4;
    %cmp/u;
    %jmp/1 T_6.2, 6;
    %dup/vec4;
    %pushi/vec4 3, 0, 4;
    %cmp/u;
    %jmp/1 T_6.3, 6;
    %dup/vec4;
    %pushi/vec4 4, 0, 4;
    %cmp/u;
    %jmp/1 T_6.4, 6;
    %dup/vec4;
    %pushi/vec4 5, 0, 4;
    %cmp/u;
    %jmp/1 T_6.5, 6;
    %dup/vec4;
    %pushi/vec4 6, 0, 4;
    %cmp/u;
    %jmp/1 T_6.6, 6;
    %dup/vec4;
    %pushi/vec4 7, 0, 4;
    %cmp/u;
    %jmp/1 T_6.7, 6;
    %pushi/vec4 0, 0, 7;
    %store/vec4 v0x152068c80_0, 0, 7;
    %pushi/vec4 0, 0, 1;
    %store/vec4 v0x1520695d0_0, 0, 1;
    %jmp T_6.9;
T_6.0 ;
    %pushi/vec4 0, 0, 7;
    %store/vec4 v0x152068c80_0, 0, 7;
    %pushi/vec4 0, 0, 1;
    %store/vec4 v0x1520695d0_0, 0, 1;
    %jmp T_6.9;
T_6.1 ;
    %load/vec4 v0x152068d10_0;
    %parti/s 1, 0, 2;
    %cmpi/e 0, 0, 1;
    %jmp/0xz  T_6.10, 4;
    %pushi/vec4 37, 0, 7;
    %store/vec4 v0x152068c80_0, 0, 7;
    %pushi/vec4 1, 0, 1;
    %store/vec4 v0x1520695d0_0, 0, 1;
    %jmp T_6.11;
T_6.10 ;
    %load/vec4 v0x152068d10_0;
    %parti/s 1, 0, 2;
    %cmpi/e 1, 0, 1;
    %jmp/0xz  T_6.12, 4;
    %pushi/vec4 52, 0, 7;
    %store/vec4 v0x152068c80_0, 0, 7;
    %pushi/vec4 1, 0, 1;
    %store/vec4 v0x1520695d0_0, 0, 1;
T_6.12 ;
T_6.11 ;
    %jmp T_6.9;
T_6.2 ;
    %load/vec4 v0x152068d10_0;
    %parti/s 2, 0, 2;
    %cmpi/e 0, 0, 2;
    %jmp/0xz  T_6.14, 4;
    %pushi/vec4 41, 0, 7;
    %store/vec4 v0x152068c80_0, 0, 7;
    %pushi/vec4 1, 0, 1;
    %store/vec4 v0x1520695d0_0, 0, 1;
    %jmp T_6.15;
T_6.14 ;
    %load/vec4 v0x152068d10_0;
    %parti/s 2, 0, 2;
    %cmpi/e 1, 0, 2;
    %jmp/0xz  T_6.16, 4;
    %pushi/vec4 33, 0, 7;
    %store/vec4 v0x152068c80_0, 0, 7;
    %pushi/vec4 1, 0, 1;
    %store/vec4 v0x1520695d0_0, 0, 1;
    %jmp T_6.17;
T_6.16 ;
    %load/vec4 v0x152068d10_0;
    %parti/s 2, 0, 2;
    %cmpi/e 2, 0, 2;
    %jmp/0xz  T_6.18, 4;
    %pushi/vec4 46, 0, 7;
    %store/vec4 v0x152068c80_0, 0, 7;
    %pushi/vec4 1, 0, 1;
    %store/vec4 v0x1520695d0_0, 0, 1;
    %jmp T_6.19;
T_6.18 ;
    %load/vec4 v0x152068d10_0;
    %parti/s 2, 0, 2;
    %cmpi/e 3, 0, 2;
    %jmp/0xz  T_6.20, 4;
    %pushi/vec4 45, 0, 7;
    %store/vec4 v0x152068c80_0, 0, 7;
    %pushi/vec4 1, 0, 1;
    %store/vec4 v0x1520695d0_0, 0, 1;
T_6.20 ;
T_6.19 ;
T_6.17 ;
T_6.15 ;
    %jmp T_6.9;
T_6.3 ;
    %load/vec4 v0x152068d10_0;
    %parti/s 3, 0, 2;
    %cmpi/e 0, 0, 3;
    %jmp/0xz  T_6.22, 4;
    %pushi/vec4 51, 0, 7;
    %store/vec4 v0x152068c80_0, 0, 7;
    %pushi/vec4 1, 0, 1;
    %store/vec4 v0x1520695d0_0, 0, 1;
    %jmp T_6.23;
T_6.22 ;
    %load/vec4 v0x152068d10_0;
    %parti/s 3, 0, 2;
    %cmpi/e 1, 0, 3;
    %jmp/0xz  T_6.24, 4;
    %pushi/vec4 53, 0, 7;
    %store/vec4 v0x152068c80_0, 0, 7;
    %pushi/vec4 1, 0, 1;
    %store/vec4 v0x1520695d0_0, 0, 1;
    %jmp T_6.25;
T_6.24 ;
    %load/vec4 v0x152068d10_0;
    %parti/s 3, 0, 2;
    %cmpi/e 2, 0, 3;
    %jmp/0xz  T_6.26, 4;
    %pushi/vec4 50, 0, 7;
    %store/vec4 v0x152068c80_0, 0, 7;
    %pushi/vec4 1, 0, 1;
    %store/vec4 v0x1520695d0_0, 0, 1;
    %jmp T_6.27;
T_6.26 ;
    %load/vec4 v0x152068d10_0;
    %parti/s 3, 0, 2;
    %cmpi/e 3, 0, 3;
    %jmp/0xz  T_6.28, 4;
    %pushi/vec4 55, 0, 7;
    %store/vec4 v0x152068c80_0, 0, 7;
    %pushi/vec4 1, 0, 1;
    %store/vec4 v0x1520695d0_0, 0, 1;
    %jmp T_6.29;
T_6.28 ;
    %load/vec4 v0x152068d10_0;
    %parti/s 3, 0, 2;
    %cmpi/e 4, 0, 3;
    %jmp/0xz  T_6.30, 4;
    %pushi/vec4 36, 0, 7;
    %store/vec4 v0x152068c80_0, 0, 7;
    %pushi/vec4 1, 0, 1;
    %store/vec4 v0x1520695d0_0, 0, 1;
    %jmp T_6.31;
T_6.30 ;
    %load/vec4 v0x152068d10_0;
    %parti/s 3, 0, 2;
    %cmpi/e 6, 0, 3;
    %jmp/0xz  T_6.32, 4;
    %pushi/vec4 39, 0, 7;
    %store/vec4 v0x152068c80_0, 0, 7;
    %pushi/vec4 1, 0, 1;
    %store/vec4 v0x1520695d0_0, 0, 1;
    %jmp T_6.33;
T_6.32 ;
    %load/vec4 v0x152068d10_0;
    %parti/s 3, 0, 2;
    %cmpi/e 7, 0, 3;
    %jmp/0xz  T_6.34, 4;
    %pushi/vec4 47, 0, 7;
    %store/vec4 v0x152068c80_0, 0, 7;
    %pushi/vec4 1, 0, 1;
    %store/vec4 v0x1520695d0_0, 0, 1;
T_6.34 ;
T_6.33 ;
T_6.31 ;
T_6.29 ;
T_6.27 ;
T_6.25 ;
T_6.23 ;
    %jmp T_6.9;
T_6.4 ;
    %load/vec4 v0x152068d10_0;
    %parti/s 4, 0, 2;
    %cmpi/e 0, 0, 4;
    %jmp/0xz  T_6.36, 4;
    %pushi/vec4 40, 0, 7;
    %store/vec4 v0x152068c80_0, 0, 7;
    %pushi/vec4 1, 0, 1;
    %store/vec4 v0x1520695d0_0, 0, 1;
    %jmp T_6.37;
T_6.36 ;
    %load/vec4 v0x152068d10_0;
    %parti/s 4, 0, 2;
    %cmpi/e 1, 0, 4;
    %jmp/0xz  T_6.38, 4;
    %pushi/vec4 54, 0, 7;
    %store/vec4 v0x152068c80_0, 0, 7;
    %pushi/vec4 1, 0, 1;
    %store/vec4 v0x1520695d0_0, 0, 1;
    %jmp T_6.39;
T_6.38 ;
    %load/vec4 v0x152068d10_0;
    %parti/s 4, 0, 2;
    %cmpi/e 2, 0, 4;
    %jmp/0xz  T_6.40, 4;
    %pushi/vec4 38, 0, 7;
    %store/vec4 v0x152068c80_0, 0, 7;
    %pushi/vec4 1, 0, 1;
    %store/vec4 v0x1520695d0_0, 0, 1;
    %jmp T_6.41;
T_6.40 ;
    %load/vec4 v0x152068d10_0;
    %parti/s 4, 0, 2;
    %cmpi/e 4, 0, 4;
    %jmp/0xz  T_6.42, 4;
    %pushi/vec4 44, 0, 7;
    %store/vec4 v0x152068c80_0, 0, 7;
    %pushi/vec4 1, 0, 1;
    %store/vec4 v0x1520695d0_0, 0, 1;
    %jmp T_6.43;
T_6.42 ;
    %load/vec4 v0x152068d10_0;
    %parti/s 4, 0, 2;
    %cmpi/e 6, 0, 4;
    %jmp/0xz  T_6.44, 4;
    %pushi/vec4 48, 0, 7;
    %store/vec4 v0x152068c80_0, 0, 7;
    %pushi/vec4 1, 0, 1;
    %store/vec4 v0x1520695d0_0, 0, 1;
    %jmp T_6.45;
T_6.44 ;
    %load/vec4 v0x152068d10_0;
    %parti/s 4, 0, 2;
    %cmpi/e 7, 0, 4;
    %jmp/0xz  T_6.46, 4;
    %pushi/vec4 42, 0, 7;
    %store/vec4 v0x152068c80_0, 0, 7;
    %pushi/vec4 1, 0, 1;
    %store/vec4 v0x1520695d0_0, 0, 1;
    %jmp T_6.47;
T_6.46 ;
    %load/vec4 v0x152068d10_0;
    %parti/s 4, 0, 2;
    %cmpi/e 8, 0, 4;
    %jmp/0xz  T_6.48, 4;
    %pushi/vec4 34, 0, 7;
    %store/vec4 v0x152068c80_0, 0, 7;
    %pushi/vec4 1, 0, 1;
    %store/vec4 v0x1520695d0_0, 0, 1;
    %jmp T_6.49;
T_6.48 ;
    %load/vec4 v0x152068d10_0;
    %parti/s 4, 0, 2;
    %cmpi/e 9, 0, 4;
    %jmp/0xz  T_6.50, 4;
    %pushi/vec4 56, 0, 7;
    %store/vec4 v0x152068c80_0, 0, 7;
    %pushi/vec4 1, 0, 1;
    %store/vec4 v0x1520695d0_0, 0, 1;
    %jmp T_6.51;
T_6.50 ;
    %load/vec4 v0x152068d10_0;
    %parti/s 4, 0, 2;
    %cmpi/e 10, 0, 4;
    %jmp/0xz  T_6.52, 4;
    %pushi/vec4 35, 0, 7;
    %store/vec4 v0x152068c80_0, 0, 7;
    %pushi/vec4 1, 0, 1;
    %store/vec4 v0x1520695d0_0, 0, 1;
    %jmp T_6.53;
T_6.52 ;
    %load/vec4 v0x152068d10_0;
    %parti/s 4, 0, 2;
    %cmpi/e 11, 0, 4;
    %jmp/0xz  T_6.54, 4;
    %pushi/vec4 57, 0, 7;
    %store/vec4 v0x152068c80_0, 0, 7;
    %pushi/vec4 1, 0, 1;
    %store/vec4 v0x1520695d0_0, 0, 1;
    %jmp T_6.55;
T_6.54 ;
    %load/vec4 v0x152068d10_0;
    %parti/s 4, 0, 2;
    %cmpi/e 12, 0, 4;
    %jmp/0xz  T_6.56, 4;
    %pushi/vec4 58, 0, 7;
    %store/vec4 v0x152068c80_0, 0, 7;
    %pushi/vec4 1, 0, 1;
    %store/vec4 v0x1520695d0_0, 0, 1;
    %jmp T_6.57;
T_6.56 ;
    %load/vec4 v0x152068d10_0;
    %parti/s 4, 0, 2;
    %cmpi/e 13, 0, 4;
    %jmp/0xz  T_6.58, 4;
    %pushi/vec4 49, 0, 7;
    %store/vec4 v0x152068c80_0, 0, 7;
    %pushi/vec4 1, 0, 1;
    %store/vec4 v0x1520695d0_0, 0, 1;
T_6.58 ;
T_6.57 ;
T_6.55 ;
T_6.53 ;
T_6.51 ;
T_6.49 ;
T_6.47 ;
T_6.45 ;
T_6.43 ;
T_6.41 ;
T_6.39 ;
T_6.37 ;
    %jmp T_6.9;
T_6.5 ;
    %load/vec4 v0x152068d10_0;
    %parti/s 5, 0, 2;
    %cmpi/e 17, 0, 5;
    %jmp/0xz  T_6.60, 4;
    %pushi/vec4 29, 0, 7;
    %store/vec4 v0x152068c80_0, 0, 7;
    %pushi/vec4 1, 0, 1;
    %store/vec4 v0x1520695d0_0, 0, 1;
    %jmp T_6.61;
T_6.60 ;
    %load/vec4 v0x152068d10_0;
    %parti/s 5, 0, 2;
    %cmpi/e 31, 0, 5;
    %jmp/0xz  T_6.62, 4;
    %pushi/vec4 21, 0, 7;
    %store/vec4 v0x152068c80_0, 0, 7;
    %pushi/vec4 1, 0, 1;
    %store/vec4 v0x1520695d0_0, 0, 1;
    %jmp T_6.63;
T_6.62 ;
    %load/vec4 v0x152068d10_0;
    %parti/s 5, 0, 2;
    %cmpi/e 1, 0, 5;
    %jmp/0xz  T_6.64, 4;
    %pushi/vec4 20, 0, 7;
    %store/vec4 v0x152068c80_0, 0, 7;
    %pushi/vec4 1, 0, 1;
    %store/vec4 v0x1520695d0_0, 0, 1;
    %jmp T_6.65;
T_6.64 ;
    %load/vec4 v0x152068d10_0;
    %parti/s 5, 0, 2;
    %cmpi/e 3, 0, 5;
    %jmp/0xz  T_6.66, 4;
    %pushi/vec4 19, 0, 7;
    %store/vec4 v0x152068c80_0, 0, 7;
    %pushi/vec4 1, 0, 1;
    %store/vec4 v0x1520695d0_0, 0, 1;
    %jmp T_6.67;
T_6.66 ;
    %load/vec4 v0x152068d10_0;
    %parti/s 5, 0, 2;
    %cmpi/e 7, 0, 5;
    %jmp/0xz  T_6.68, 4;
    %pushi/vec4 18, 0, 7;
    %store/vec4 v0x152068c80_0, 0, 7;
    %pushi/vec4 1, 0, 1;
    %store/vec4 v0x1520695d0_0, 0, 1;
    %jmp T_6.69;
T_6.68 ;
    %load/vec4 v0x152068d10_0;
    %parti/s 5, 0, 2;
    %cmpi/e 15, 0, 5;
    %jmp/0xz  T_6.70, 4;
    %pushi/vec4 17, 0, 7;
    %store/vec4 v0x152068c80_0, 0, 7;
    %pushi/vec4 1, 0, 1;
    %store/vec4 v0x1520695d0_0, 0, 1;
    %jmp T_6.71;
T_6.70 ;
    %load/vec4 v0x152068d10_0;
    %parti/s 5, 0, 2;
    %cmpi/e 16, 0, 5;
    %jmp/0xz  T_6.72, 4;
    %pushi/vec4 22, 0, 7;
    %store/vec4 v0x152068c80_0, 0, 7;
    %pushi/vec4 1, 0, 1;
    %store/vec4 v0x1520695d0_0, 0, 1;
    %jmp T_6.73;
T_6.72 ;
    %load/vec4 v0x152068d10_0;
    %parti/s 5, 0, 2;
    %cmpi/e 24, 0, 5;
    %jmp/0xz  T_6.74, 4;
    %pushi/vec4 23, 0, 7;
    %store/vec4 v0x152068c80_0, 0, 7;
    %pushi/vec4 1, 0, 1;
    %store/vec4 v0x1520695d0_0, 0, 1;
    %jmp T_6.75;
T_6.74 ;
    %load/vec4 v0x152068d10_0;
    %parti/s 5, 0, 2;
    %cmpi/e 28, 0, 5;
    %jmp/0xz  T_6.76, 4;
    %pushi/vec4 24, 0, 7;
    %store/vec4 v0x152068c80_0, 0, 7;
    %pushi/vec4 1, 0, 1;
    %store/vec4 v0x1520695d0_0, 0, 1;
    %jmp T_6.77;
T_6.76 ;
    %load/vec4 v0x152068d10_0;
    %parti/s 5, 0, 2;
    %cmpi/e 30, 0, 5;
    %jmp/0xz  T_6.78, 4;
    %pushi/vec4 25, 0, 7;
    %store/vec4 v0x152068c80_0, 0, 7;
    %pushi/vec4 1, 0, 1;
    %store/vec4 v0x1520695d0_0, 0, 1;
    %jmp T_6.79;
T_6.78 ;
    %load/vec4 v0x152068d10_0;
    %parti/s 5, 0, 2;
    %cmpi/e 31, 0, 5;
    %jmp/0xz  T_6.80, 4;
    %pushi/vec4 16, 0, 7;
    %store/vec4 v0x152068c80_0, 0, 7;
    %pushi/vec4 1, 0, 1;
    %store/vec4 v0x1520695d0_0, 0, 1;
    %jmp T_6.81;
T_6.80 ;
    %load/vec4 v0x152068d10_0;
    %parti/s 5, 0, 2;
    %cmpi/e 18, 0, 5;
    %jmp/0xz  T_6.82, 4;
    %pushi/vec4 15, 0, 7;
    %store/vec4 v0x152068c80_0, 0, 7;
    %pushi/vec4 1, 0, 1;
    %store/vec4 v0x1520695d0_0, 0, 1;
    %jmp T_6.83;
T_6.82 ;
    %load/vec4 v0x152068d10_0;
    %parti/s 5, 0, 2;
    %cmpi/e 22, 0, 5;
    %jmp/0xz  T_6.84, 4;
    %pushi/vec4 8, 0, 7;
    %store/vec4 v0x152068c80_0, 0, 7;
    %pushi/vec4 1, 0, 1;
    %store/vec4 v0x1520695d0_0, 0, 1;
T_6.84 ;
T_6.83 ;
T_6.81 ;
T_6.79 ;
T_6.77 ;
T_6.75 ;
T_6.73 ;
T_6.71 ;
T_6.69 ;
T_6.67 ;
T_6.65 ;
T_6.63 ;
T_6.61 ;
    %jmp T_6.9;
T_6.6 ;
    %load/vec4 v0x152068d10_0;
    %parti/s 6, 0, 2;
    %cmpi/e 12, 0, 6;
    %jmp/0xz  T_6.86, 4;
    %pushi/vec4 31, 0, 7;
    %store/vec4 v0x152068c80_0, 0, 7;
    %pushi/vec4 1, 0, 1;
    %store/vec4 v0x1520695d0_0, 0, 1;
    %jmp T_6.87;
T_6.86 ;
    %load/vec4 v0x152068d10_0;
    %parti/s 6, 0, 2;
    %cmpi/e 42, 0, 6;
    %jmp/0xz  T_6.88, 4;
    %pushi/vec4 27, 0, 7;
    %store/vec4 v0x152068c80_0, 0, 7;
    %pushi/vec4 1, 0, 1;
    %store/vec4 v0x1520695d0_0, 0, 1;
    %jmp T_6.89;
T_6.88 ;
    %load/vec4 v0x152068d10_0;
    %parti/s 6, 0, 2;
    %cmpi/e 51, 0, 6;
    %jmp/0xz  T_6.90, 4;
    %pushi/vec4 12, 0, 7;
    %store/vec4 v0x152068c80_0, 0, 7;
    %pushi/vec4 1, 0, 1;
    %store/vec4 v0x1520695d0_0, 0, 1;
    %jmp T_6.91;
T_6.90 ;
    %load/vec4 v0x152068d10_0;
    %parti/s 6, 0, 2;
    %cmpi/e 33, 0, 6;
    %jmp/0xz  T_6.92, 4;
    %pushi/vec4 13, 0, 7;
    %store/vec4 v0x152068c80_0, 0, 7;
    %pushi/vec4 1, 0, 1;
    %store/vec4 v0x1520695d0_0, 0, 1;
    %jmp T_6.93;
T_6.92 ;
    %load/vec4 v0x152068d10_0;
    %parti/s 6, 0, 2;
    %cmpi/e 45, 0, 6;
    %jmp/0xz  T_6.94, 4;
    %pushi/vec4 9, 0, 7;
    %store/vec4 v0x152068c80_0, 0, 7;
    %pushi/vec4 1, 0, 1;
    %store/vec4 v0x1520695d0_0, 0, 1;
    %jmp T_6.95;
T_6.94 ;
    %load/vec4 v0x152068d10_0;
    %parti/s 6, 0, 2;
    %cmpi/e 30, 0, 6;
    %jmp/0xz  T_6.96, 4;
    %pushi/vec4 7, 0, 7;
    %store/vec4 v0x152068c80_0, 0, 7;
    %pushi/vec4 1, 0, 1;
    %store/vec4 v0x1520695d0_0, 0, 1;
    %jmp T_6.97;
T_6.96 ;
    %load/vec4 v0x152068d10_0;
    %parti/s 6, 0, 2;
    %cmpi/e 21, 0, 6;
    %jmp/0xz  T_6.98, 4;
    %pushi/vec4 11, 0, 7;
    %store/vec4 v0x152068c80_0, 0, 7;
    %pushi/vec4 1, 0, 1;
    %store/vec4 v0x1520695d0_0, 0, 1;
    %jmp T_6.99;
T_6.98 ;
    %load/vec4 v0x152068d10_0;
    %parti/s 6, 0, 2;
    %cmpi/e 56, 0, 6;
    %jmp/0xz  T_6.100, 4;
    %pushi/vec4 26, 0, 7;
    %store/vec4 v0x152068c80_0, 0, 7;
    %pushi/vec4 1, 0, 1;
    %store/vec4 v0x1520695d0_0, 0, 1;
    %jmp T_6.101;
T_6.100 ;
    %load/vec4 v0x152068d10_0;
    %parti/s 6, 0, 2;
    %cmpi/e 13, 0, 6;
    %jmp/0xz  T_6.102, 4;
    %pushi/vec4 59, 0, 7;
    %store/vec4 v0x152068c80_0, 0, 7;
    %pushi/vec4 1, 0, 1;
    %store/vec4 v0x1520695d0_0, 0, 1;
T_6.102 ;
T_6.101 ;
T_6.99 ;
T_6.97 ;
T_6.95 ;
T_6.93 ;
T_6.91 ;
T_6.89 ;
T_6.87 ;
    %jmp T_6.9;
T_6.7 ;
    %load/vec4 v0x152068d10_0;
    %parti/s 7, 0, 2;
    %cmpi/e 89, 0, 7;
    %jmp/0xz  T_6.104, 4;
    %pushi/vec4 1, 0, 7;
    %store/vec4 v0x152068c80_0, 0, 7;
    %pushi/vec4 1, 0, 1;
    %store/vec4 v0x1520695d0_0, 0, 1;
    %jmp T_6.105;
T_6.104 ;
    %load/vec4 v0x152068d10_0;
    %parti/s 7, 0, 2;
    %cmpi/e 46, 0, 7;
    %jmp/0xz  T_6.106, 4;
    %pushi/vec4 6, 0, 7;
    %store/vec4 v0x152068c80_0, 0, 7;
    %pushi/vec4 1, 0, 1;
    %store/vec4 v0x1520695d0_0, 0, 1;
    %jmp T_6.107;
T_6.106 ;
    %load/vec4 v0x152068d10_0;
    %parti/s 7, 0, 2;
    %cmpi/e 42, 0, 7;
    %jmp/0xz  T_6.108, 4;
    %pushi/vec4 14, 0, 7;
    %store/vec4 v0x152068c80_0, 0, 7;
    %pushi/vec4 1, 0, 1;
    %store/vec4 v0x1520695d0_0, 0, 1;
    %jmp T_6.109;
T_6.108 ;
    %load/vec4 v0x152068d10_0;
    %parti/s 7, 0, 2;
    %cmpi/e 50, 0, 7;
    %jmp/0xz  T_6.110, 4;
    %pushi/vec4 32, 0, 7;
    %store/vec4 v0x152068c80_0, 0, 7;
    %pushi/vec4 1, 0, 1;
    %store/vec4 v0x1520695d0_0, 0, 1;
    %jmp T_6.111;
T_6.110 ;
    %load/vec4 v0x152068d10_0;
    %cmpi/e 0, 0, 8;
    %jmp/0xz  T_6.112, 4;
    %pushi/vec4 0, 0, 7;
    %store/vec4 v0x152068c80_0, 0, 7;
T_6.112 ;
T_6.111 ;
T_6.109 ;
T_6.107 ;
T_6.105 ;
    %pushi/vec4 1, 0, 1;
    %store/vec4 v0x1520695d0_0, 0, 1;
    %jmp T_6.9;
T_6.9 ;
    %pop/vec4 1;
    %jmp T_6;
    .thread T_6, $push;
    .scope S_0x152068950;
T_7 ;
    %wait E_0x152049e90;
    %ix/getv 4, v0x152068c80_0;
    %load/vec4a v0x152068f70, 4;
    %assign/vec4 v0x152068e90_0, 0;
    %load/vec4 v0x1520695d0_0;
    %assign/vec4 v0x152069670_0, 0;
    %jmp T_7;
    .thread T_7;
    .scope S_0x1520319e0;
T_8 ;
    %wait E_0x152049e90;
    %load/vec4 v0x152069b60_0;
    %flag_set/vec4 8;
    %jmp/0xz  T_8.0, 8;
    %pushi/vec4 0, 0, 1;
    %assign/vec4 v0x1520698f0_0, 0;
    %pushi/vec4 0, 0, 17;
    %assign/vec4 v0x152069bf0_0, 0;
    %jmp T_8.1;
T_8.0 ;
    %load/vec4 v0x152069d10_0;
    %flag_set/vec4 8;
    %jmp/0xz  T_8.2, 8;
    %pushi/vec4 1, 0, 1;
    %assign/vec4 v0x1520698f0_0, 0;
T_8.2 ;
    %load/vec4 v0x1520698f0_0;
    %flag_set/vec4 9;
    %jmp/1 T_8.7, 9;
    %load/vec4 v0x152069d10_0;
    %flag_set/vec4 10;
    %flag_or 9, 10;
T_8.7;
    %flag_get/vec4 9;
    %jmp/0 T_8.6, 9;
    %load/vec4 v0x152069e40_0;
    %and;
T_8.6;
    %flag_set/vec4 8;
    %jmp/0xz  T_8.4, 8;
    %load/vec4 v0x152069c80_0;
    %assign/vec4 v0x152069bf0_0, 0;
    %pushi/vec4 0, 0, 1;
    %assign/vec4 v0x1520698f0_0, 0;
T_8.4 ;
T_8.1 ;
    %jmp T_8;
    .thread T_8;
    .scope S_0x152027550;
T_9 ;
    %pushi/vec4 0, 0, 1;
    %store/vec4 v0x15206a7e0_0, 0, 1;
    %end;
    .thread T_9, $init;
    .scope S_0x152027550;
T_10 ;
    %delay 50, 0;
    %load/vec4 v0x15206a7e0_0;
    %inv;
    %store/vec4 v0x15206a7e0_0, 0, 1;
    %jmp T_10;
    .thread T_10;
    .scope S_0x152027550;
T_11 ;
    %vpi_call/w 3 64 "$dumpvars" {0 0 0};
    %pushi/vec4 1, 0, 1;
    %store/vec4 v0x15206a940_0, 0, 1;
    %pushi/vec4 0, 0, 1;
    %store/vec4 v0x15206a870_0, 0, 1;
    %delay 1010, 0;
    %pushi/vec4 0, 0, 1;
    %store/vec4 v0x15206a940_0, 0, 1;
    %fork TD_morse_tb.w0, S_0x15206a0a0;
    %join;
    %fork TD_morse_tb.w0, S_0x15206a0a0;
    %join;
    %fork TD_morse_tb.w0, S_0x15206a0a0;
    %join;
    %fork TD_morse_tb.w0, S_0x15206a0a0;
    %join;
    %fork TD_morse_tb.wv2, S_0x15206a620;
    %join;
    %fork TD_morse_tb.wv1, S_0x15206a420;
    %join;
    %fork TD_morse_tb.w0, S_0x15206a0a0;
    %join;
    %fork TD_morse_tb.wv1, S_0x15206a420;
    %join;
    %fork TD_morse_tb.w0, S_0x15206a0a0;
    %join;
    %fork TD_morse_tb.w1, S_0x15206a260;
    %join;
    %fork TD_morse_tb.w0, S_0x15206a0a0;
    %join;
    %fork TD_morse_tb.w0, S_0x15206a0a0;
    %join;
    %fork TD_morse_tb.wv1, S_0x15206a420;
    %join;
    %fork TD_morse_tb.rev, S_0x152069ed0;
    %join;
    %fork TD_morse_tb.w0, S_0x15206a0a0;
    %join;
    %fork TD_morse_tb.w1, S_0x15206a260;
    %join;
    %fork TD_morse_tb.w0, S_0x15206a0a0;
    %join;
    %fork TD_morse_tb.w0, S_0x15206a0a0;
    %join;
    %fork TD_morse_tb.wv2, S_0x15206a620;
    %join;
    %fork TD_morse_tb.w1, S_0x15206a260;
    %join;
    %fork TD_morse_tb.w1, S_0x15206a260;
    %join;
    %fork TD_morse_tb.w1, S_0x15206a260;
    %join;
    %fork TD_morse_tb.wv2, S_0x15206a620;
    %join;
    %fork TD_morse_tb.w0, S_0x15206a0a0;
    %join;
    %fork TD_morse_tb.w1, S_0x15206a260;
    %join;
    %fork TD_morse_tb.w1, S_0x15206a260;
    %join;
    %fork TD_morse_tb.wv2, S_0x15206a620;
    %join;
    %fork TD_morse_tb.w1, S_0x15206a260;
    %join;
    %fork TD_morse_tb.w1, S_0x15206a260;
    %join;
    %fork TD_morse_tb.w1, S_0x15206a260;
    %join;
    %fork TD_morse_tb.wv2, S_0x15206a620;
    %join;
    %fork TD_morse_tb.w0, S_0x15206a0a0;
    %join;
    %fork TD_morse_tb.w1, S_0x15206a260;
    %join;
    %fork TD_morse_tb.w0, S_0x15206a0a0;
    %join;
    %fork TD_morse_tb.wv2, S_0x15206a620;
    %join;
    %fork TD_morse_tb.w0, S_0x15206a0a0;
    %join;
    %fork TD_morse_tb.w1, S_0x15206a260;
    %join;
    %fork TD_morse_tb.w0, S_0x15206a0a0;
    %join;
    %fork TD_morse_tb.w0, S_0x15206a0a0;
    %join;
    %fork TD_morse_tb.wv2, S_0x15206a620;
    %join;
    %fork TD_morse_tb.w1, S_0x15206a260;
    %join;
    %fork TD_morse_tb.w0, S_0x15206a0a0;
    %join;
    %fork TD_morse_tb.w0, S_0x15206a0a0;
    %join;
    %fork TD_morse_tb.wv2, S_0x15206a620;
    %join;
    %delay 1000000, 0;
    %vpi_call/w 3 118 "$finish" {0 0 0};
    %end;
    .thread T_11;
# The file index is used to find the file name in the following table.
:file_names 7;
    "N/A";
    "<interactive>";
    "-";
    "morseTest.v";
    "morseMain.v";
    "morseIO.v";
    "morseTR.v";
